
**** Build of configuration Nios II for project legit_app ****

make all 
Info: Building ../legit_BSP/
make --no-print-directory -C ../legit_BSP/
[BSP build complete]
Info: Compiling drawing.c to obj/drawing.o
nios2-elf-gcc -xc -MP -MMD -c -I../legit_BSP//HAL/inc -I../legit_BSP/ -I../legit_BSP//drivers/inc  -DSYSTEM_BUS_WIDTH=32 -pipe -D__hal__ -DALT_NO_INSTRUCTION_EMULATION -DALT_SINGLE_THREADED    -O0 -g -Wall   -EL -mno-hw-div -mno-hw-mul -mno-hw-mulx  -o obj/drawing.o drawing.c
drawing.c:34: warning: built-in function 'y1' declared as non-function
drawing.c:60: warning: conflicting types for built-in function 'cos'
drawing.c:90: warning: conflicting types for built-in function 'sin'
drawing.c: In function 'crash':
drawing.c:245: warning: implicit declaration of function 'usleep'
Info: Linking legit_app.elf
nios2-elf-g++  -T'../legit_BSP//linker.x' -msys-crt0='../legit_BSP//obj/HAL/src/crt0.o' -msys-lib=hal_bsp -L../legit_BSP/   -Wl,-Map=legit_app.map   -O0 -g -Wall   -EL -mno-hw-div -mno-hw-mul -mno-hw-mulx  -o legit_app.elf obj/drawing.o obj/interrupts.o obj/main.o -lm 
nios2-elf-insert legit_app.elf --thread_model hal --cpu_name CPU --simulation_enabled false --stderr_dev jtag_uart_0 --stdin_dev jtag_uart_0 --stdout_dev jtag_uart_0 --sopc_system_name Video_System --jdi C:/our_shit/ECE5760Projects/legit_start/verilog/software/legit_BSP/../../Example_4_Video_In.jdi
Info: (legit_app.elf) 67 KBytes program size (code + initialized data).
Info:                 316 KBytes free for stack + heap.
Info: Creating legit_app.objdump
nios2-elf-objdump --disassemble --syms --all-header legit_app.elf >legit_app.objdump
[legit_app build complete]
