Flow report for Example_4_Video_In
Thu Feb 19 18:04:53 2015
Quartus II 64-Bit Version 11.0 Build 157 04/27/2011 SJ Full Version


---------------------
; Table of Contents ;
---------------------
  1. Legal Notice
  2. Flow Summary
  3. Flow Settings
  4. Flow Non-Default Global Settings
  5. Flow Elapsed Time
  6. Flow OS Summary
  7. Flow Log



----------------
; Legal Notice ;
----------------
Copyright (C) 1991-2011 Altera Corporation
Your use of Altera Corporation's design tools, logic functions 
and other software and tools, and its AMPP partner logic 
functions, and any output files from any of the foregoing 
(including device programming or simulation files), and any 
associated documentation or information are expressly subject 
to the terms and conditions of the Altera Program License 
Subscription Agreement, Altera MegaCore Function License 
Agreement, or other applicable license agreement, including, 
without limitation, that your use is for the sole purpose of 
programming logic devices manufactured by Altera and sold by 
Altera or its authorized distributors.  Please refer to the 
applicable agreement for further details.



+--------------------------------------------------------------------------------+
; Flow Summary                                                                   ;
+------------------------------------+-------------------------------------------+
; Flow Status                        ; Successful - Thu Feb 19 18:04:52 2015     ;
; Quartus II 64-Bit Version          ; 11.0 Build 157 04/27/2011 SJ Full Version ;
; Revision Name                      ; Example_4_Video_In                        ;
; Top-level Entity Name              ; Example_4_Video_In                        ;
; Family                             ; Cyclone IV E                              ;
; Device                             ; EP4CE115F29C8                             ;
; Timing Models                      ; Final                                     ;
; Total logic elements               ; 2,577 / 114,480 ( 2 % )                   ;
;     Total combinational functions  ; 2,370 / 114,480 ( 2 % )                   ;
;     Dedicated logic registers      ; 1,293 / 114,480 ( 1 % )                   ;
; Total registers                    ; 1381                                      ;
; Total pins                         ; 89 / 529 ( 17 % )                         ;
; Total virtual pins                 ; 0                                         ;
; Total memory bits                  ; 3,216,640 / 3,981,312 ( 81 % )            ;
; Embedded Multiplier 9-bit elements ; 0 / 532 ( 0 % )                           ;
; Total PLLs                         ; 1 / 4 ( 25 % )                            ;
+------------------------------------+-------------------------------------------+


+-----------------------------------------+
; Flow Settings                           ;
+-------------------+---------------------+
; Option            ; Setting             ;
+-------------------+---------------------+
; Start date & time ; 02/19/2015 18:03:28 ;
; Main task         ; Compilation         ;
; Revision Name     ; Example_4_Video_In  ;
+-------------------+---------------------+


+-----------------------------------------------------------------------------------------------------------------------+
; Flow Non-Default Global Settings                                                                                      ;
+-------------------------------------+----------------------------------+---------------+-------------+----------------+
; Assignment Name                     ; Value                            ; Default Value ; Entity Name ; Section Id     ;
+-------------------------------------+----------------------------------+---------------+-------------+----------------+
; COMPILER_SIGNATURE_ID               ; 132683363430430.142438700804136  ; --            ; --          ; --             ;
; PARTITION_COLOR                     ; 16764057                         ; --            ; --          ; Top            ;
; PARTITION_FITTER_PRESERVATION_LEVEL ; PLACEMENT_AND_ROUTING            ; --            ; --          ; Top            ;
; PARTITION_NETLIST_TYPE              ; SOURCE                           ; --            ; --          ; Top            ;
; SOPC_BUILDER_SIGNATURE_ID           ; 00000000000000E00000014BA41205AB ; --            ; --          ; --             ;
; USE_GENERATED_PHYSICAL_CONSTRAINTS  ; Off                              ; --            ; --          ; eda_blast_fpga ;
+-------------------------------------+----------------------------------+---------------+-------------+----------------+


+-------------------------------------------------------------------------------------------------------------------------------+
; Flow Elapsed Time                                                                                                             ;
+---------------------------+--------------+-------------------------+---------------------+------------------------------------+
; Module Name               ; Elapsed Time ; Average Processors Used ; Peak Virtual Memory ; Total CPU Time (on all processors) ;
+---------------------------+--------------+-------------------------+---------------------+------------------------------------+
; Analysis & Synthesis      ; 00:00:27     ; 1.0                     ; 479 MB              ; 00:00:26                           ;
; Fitter                    ; 00:00:38     ; 2.3                     ; 776 MB              ; 00:00:44                           ;
; Assembler                 ; 00:00:10     ; 1.0                     ; 613 MB              ; 00:00:10                           ;
; TimeQuest Timing Analyzer ; 00:00:11     ; 2.2                     ; 524 MB              ; 00:00:11                           ;
; Total                     ; 00:01:26     ; --                      ; --                  ; 00:01:31                           ;
+---------------------------+--------------+-------------------------+---------------------+------------------------------------+


+----------------------------------------------------------------------------------------+
; Flow OS Summary                                                                        ;
+---------------------------+------------------+-----------+------------+----------------+
; Module Name               ; Machine Hostname ; OS Name   ; OS Version ; Processor type ;
+---------------------------+------------------+-----------+------------+----------------+
; Analysis & Synthesis      ; PH238-15         ; Windows 7 ; 6.1        ; x86_64         ;
; Fitter                    ; PH238-15         ; Windows 7 ; 6.1        ; x86_64         ;
; Assembler                 ; PH238-15         ; Windows 7 ; 6.1        ; x86_64         ;
; TimeQuest Timing Analyzer ; PH238-15         ; Windows 7 ; 6.1        ; x86_64         ;
+---------------------------+------------------+-----------+------------+----------------+


------------
; Flow Log ;
------------
quartus_map --read_settings_files=on --write_settings_files=off Example_4_Video_In -c Example_4_Video_In
quartus_fit --read_settings_files=off --write_settings_files=off Example_4_Video_In -c Example_4_Video_In
quartus_asm --read_settings_files=off --write_settings_files=off Example_4_Video_In -c Example_4_Video_In
quartus_sta Example_4_Video_In -c Example_4_Video_In



