
**** Build of configuration Nios II for project basic_shit_app ****

make all 
Info: Building ../basic_shit_bsp/
make --no-print-directory -C ../basic_shit_bsp/
[BSP build complete]
Info: Compiling main.c to obj/main.o
nios2-elf-gcc -xc -MP -MMD -c -I../basic_shit_bsp//HAL/inc -I../basic_shit_bsp/ -I../basic_shit_bsp//drivers/inc  -DSYSTEM_BUS_WIDTH=32 -pipe -D__hal__ -DALT_NO_INSTRUCTION_EMULATION -DALT_SINGLE_THREADED    -O0 -g -Wall   -EL -mno-hw-div -mhw-mul -mno-hw-mulx  -o obj/main.o main.c
main.c:5:36: error: altera_avalon_pio_regs.h: No such file or directory
main.c:42: warning: return type defaults to 'int'
main.c:42: warning: conflicting types for 'draw_line'
main.c:13: warning: previous declaration of 'draw_line' was here
main.c: In function 'handle_button_interrupts':
main.c:141: warning: implicit declaration of function 'IORD_ALTERA_AVALON_PIO_EDGE_CAP'
main.c:141: error: 'PIO_BASE' undeclared (first use in this function)
main.c:141: error: (Each undeclared identifier is reported only once
main.c:141: error: for each function it appears in.)
main.c:144: warning: implicit declaration of function 'IOWR_ALTERA_AVALON_PIO_EDGE_CAP'
main.c: In function 'init_pio':
main.c:155: warning: implicit declaration of function 'IOWR_ALTERA_AVALON_PIO_IRQ_MASK'
main.c:155: error: 'PIO_BASE' undeclared (first use in this function)
main.c:159: warning: implicit declaration of function 'alt_irq_register'
main.c:159: error: 'PIO_IRQ' undeclared (first use in this function)
make: *** [obj/main.o] Error 1
