Partition Merge report for DE2_TOP
Thu Feb 05 14:05:11 2015
Quartus II 64-Bit Version 11.0 Build 157 04/27/2011 SJ Full Version


---------------------
; Table of Contents ;
---------------------
  1. Legal Notice
  2. Partition Merge Summary
  3. Partition Merge Netlist Types Used
  4. Partition Merge Partition Statistics
  5. Partition Merge Resource Usage Summary
  6. Partition Merge RAM Summary
  7. Partition Merge Messages



----------------
; Legal Notice ;
----------------
Copyright (C) 1991-2011 Altera Corporation
Your use of Altera Corporation's design tools, logic functions 
and other software and tools, and its AMPP partner logic 
functions, and any output files from any of the foregoing 
(including device programming or simulation files), and any 
associated documentation or information are expressly subject 
to the terms and conditions of the Altera Program License 
Subscription Agreement, Altera MegaCore Function License 
Agreement, or other applicable license agreement, including, 
without limitation, that your use is for the sole purpose of 
programming logic devices manufactured by Altera and sold by 
Altera or its authorized distributors.  Please refer to the 
applicable agreement for further details.



+--------------------------------------------------------------------------------+
; Partition Merge Summary                                                        ;
+------------------------------------+-------------------------------------------+
; Partition Merge Status             ; Successful - Thu Feb 05 14:05:11 2015     ;
; Quartus II 64-Bit Version          ; 11.0 Build 157 04/27/2011 SJ Full Version ;
; Revision Name                      ; DE2_TOP                                   ;
; Top-level Entity Name              ; DE2_TOP                                   ;
; Family                             ; Cyclone II                                ;
; Total logic elements               ; 791                                       ;
;     Total combinational functions  ; 758                                       ;
;     Dedicated logic registers      ; 202                                       ;
; Total registers                    ; 202                                       ;
; Total pins                         ; 425                                       ;
; Total virtual pins                 ; 0                                         ;
; Total memory bits                  ; 310,000                                   ;
; Embedded Multiplier 9-bit elements ; 0                                         ;
; Total PLLs                         ; 1                                         ;
+------------------------------------+-------------------------------------------+


+-------------------------------------------------------------------------------------------------------------------------------+
; Partition Merge Netlist Types Used                                                                                            ;
+--------------------------------+----------------+-------------------+------------------------+--------------------------------+
; Partition Name                 ; Partition Type ; Netlist Type Used ; Netlist Type Requested ; Partition Contents             ;
+--------------------------------+----------------+-------------------+------------------------+--------------------------------+
; Top                            ; User-created   ; Source File       ; Post-Fit               ;                                ;
; hard_block:auto_generated_inst ; Auto-generated ; Source File       ; Source File            ; hard_block:auto_generated_inst ;
+--------------------------------+----------------+-------------------+------------------------+--------------------------------+


+---------------------------------------------------------------------------------------+
; Partition Merge Partition Statistics                                                  ;
+---------------------------------------------+--------+--------------------------------+
; Statistic                                   ; Top    ; hard_block:auto_generated_inst ;
+---------------------------------------------+--------+--------------------------------+
; Estimated Total logic elements              ; 791    ; 0                              ;
;                                             ;        ;                                ;
; Total combinational functions               ; 758    ; 0                              ;
; Logic element usage by number of LUT inputs ;        ;                                ;
;     -- 4 input functions                    ; 485    ; 0                              ;
;     -- 3 input functions                    ; 128    ; 0                              ;
;     -- <=2 input functions                  ; 145    ; 0                              ;
;                                             ;        ;                                ;
; Logic elements by mode                      ;        ;                                ;
;     -- normal mode                          ; 674    ; 0                              ;
;     -- arithmetic mode                      ; 84     ; 0                              ;
;                                             ;        ;                                ;
; Total registers                             ; 202    ; 0                              ;
;     -- Dedicated logic registers            ; 202    ; 0                              ;
;     -- I/O registers                        ; 0      ; 0                              ;
;                                             ;        ;                                ;
; Virtual pins                                ; 0      ; 0                              ;
; I/O pins                                    ; 425    ; 0                              ;
; Embedded Multiplier 9-bit elements          ; 0      ; 0                              ;
; Total memory bits                           ; 310000 ; 0                              ;
; Total RAM block bits                        ; 0      ; 0                              ;
; PLL                                         ; 0      ; 1                              ;
;                                             ;        ;                                ;
; Connections                                 ;        ;                                ;
;     -- Input Connections                    ; 335    ; 2                              ;
;     -- Registered Input Connections         ; 181    ; 0                              ;
;     -- Output Connections                   ; 2      ; 335                            ;
;     -- Registered Output Connections        ; 1      ; 0                              ;
;                                             ;        ;                                ;
; Internal Connections                        ;        ;                                ;
;     -- Total Connections                    ; 5631   ; 337                            ;
;     -- Registered Connections               ; 3573   ; 0                              ;
;                                             ;        ;                                ;
; External Connections                        ;        ;                                ;
;     -- Top                                  ; 0      ; 337                            ;
;     -- hard_block:auto_generated_inst       ; 337    ; 0                              ;
;                                             ;        ;                                ;
; Partition Interface                         ;        ;                                ;
;     -- Input Ports                          ; 48     ; 2                              ;
;     -- Output Ports                         ; 218    ; 3                              ;
;     -- Bidir Ports                          ; 159    ; 0                              ;
;                                             ;        ;                                ;
; Registered Ports                            ;        ;                                ;
;     -- Registered Input Ports               ; 0      ; 0                              ;
;     -- Registered Output Ports              ; 0      ; 0                              ;
;                                             ;        ;                                ;
; Port Connectivity                           ;        ;                                ;
;     -- Input Ports driven by GND            ; 0      ; 0                              ;
;     -- Output Ports driven by GND           ; 0      ; 0                              ;
;     -- Input Ports driven by VCC            ; 0      ; 0                              ;
;     -- Output Ports driven by VCC           ; 0      ; 0                              ;
;     -- Input Ports with no Source           ; 0      ; 0                              ;
;     -- Output Ports with no Source          ; 0      ; 0                              ;
;     -- Input Ports with no Fanout           ; 0      ; 0                              ;
;     -- Output Ports with no Fanout          ; 0      ; 0                              ;
+---------------------------------------------+--------+--------------------------------+
Note: Resource usage numbers presented for Partitions containing post-synthesis logic are estimates.  For Partitions containing post-fit logic, resource usage numbers are accurate based on previous placement information.  Actual Fitter results may vary depending on current Fitter Preservation Level assignments.


+----------------------------------------------------------------------------------------------+
; Partition Merge Resource Usage Summary                                                       ;
+---------------------------------------------+------------------------------------------------+
; Resource                                    ; Usage                                          ;
+---------------------------------------------+------------------------------------------------+
; Estimated Total logic elements              ; 791                                            ;
;                                             ;                                                ;
; Total combinational functions               ; 758                                            ;
; Logic element usage by number of LUT inputs ;                                                ;
;     -- 4 input functions                    ; 485                                            ;
;     -- 3 input functions                    ; 128                                            ;
;     -- <=2 input functions                  ; 145                                            ;
;                                             ;                                                ;
; Logic elements by mode                      ;                                                ;
;     -- normal mode                          ; 674                                            ;
;     -- arithmetic mode                      ; 84                                             ;
;                                             ;                                                ;
; Total registers                             ; 202                                            ;
;     -- Dedicated logic registers            ; 202                                            ;
;     -- I/O registers                        ; 0                                              ;
;                                             ;                                                ;
; I/O pins                                    ; 425                                            ;
; Total memory bits                           ; 310000                                         ;
; Total PLLs                                  ; 1                                              ;
;     -- PLLs                                 ; 1                                              ;
;                                             ;                                                ;
; Maximum fan-out node                        ; VGA_Audio_PLL:p1|altpll:altpll_component|_clk0 ;
; Maximum fan-out                             ; 259                                            ;
; Total fan-out                               ; 5555                                           ;
; Average fan-out                             ; 3.80                                           ;
+---------------------------------------------+------------------------------------------------+


+--------------------------------------------------------------------------------------------------------------------------------------------------------------------------------------------------+
; Partition Merge RAM Summary                                                                                                                                                                      ;
+----------------------------------------------------------------------------------------------+------+----------------+--------------+--------------+--------------+--------------+--------+------+
; Name                                                                                         ; Type ; Mode           ; Port A Depth ; Port A Width ; Port B Depth ; Port B Width ; Size   ; MIF  ;
+----------------------------------------------------------------------------------------------+------+----------------+--------------+--------------+--------------+--------------+--------+------+
; vga_buffer:display|altsyncram:altsyncram_component|altsyncram_m352:auto_generated|ALTSYNCRAM ; M4K  ; True Dual Port ; 310000       ; 1            ; 310000       ; 1            ; 310000 ; None ;
+----------------------------------------------------------------------------------------------+------+----------------+--------------+--------------+--------------+--------------+--------+------+


+--------------------------+
; Partition Merge Messages ;
+--------------------------+
Info: *******************************************************************
Info: Running Quartus II 64-Bit Partition Merge
    Info: Version 11.0 Build 157 04/27/2011 SJ Full Version
    Info: Processing started: Thu Feb 05 14:05:09 2015
Info: Command: quartus_cdb --read_settings_files=off --write_settings_files=off VGA_m4k -c DE2_TOP --merge=on
Warning: Previously generated Fitter netlist for partition "Top" is older than current Synthesis netlist -- using the current Synthesis netlist instead to ensure that the latest source changes are included
    Info: Set the option to Ignore source file changes to force the Quartus II software to always use a previously generated Fitter netlist
Info: Using synthesis netlist for partition "Top"
Info: Resolved and merged 1 partition(s)
Info: Generating hard_block partition "hard_block:auto_generated_inst"
    Info: Adding node "VGA_Audio_PLL:p1|altpll:altpll_component|pll"
Warning: Design contains 25 input pin(s) that do not drive logic
    Warning (15610): No output dependent on input pin "EXT_CLOCK"
    Warning (15610): No output dependent on input pin "KEY[2]"
    Warning (15610): No output dependent on input pin "UART_RXD"
    Warning (15610): No output dependent on input pin "IRDA_RXD"
    Warning (15610): No output dependent on input pin "OTG_INT0"
    Warning (15610): No output dependent on input pin "OTG_INT1"
    Warning (15610): No output dependent on input pin "OTG_DREQ0"
    Warning (15610): No output dependent on input pin "OTG_DREQ1"
    Warning (15610): No output dependent on input pin "PS2_DAT"
    Warning (15610): No output dependent on input pin "PS2_CLK"
    Warning (15610): No output dependent on input pin "TDI"
    Warning (15610): No output dependent on input pin "TCK"
    Warning (15610): No output dependent on input pin "TCS"
    Warning (15610): No output dependent on input pin "ENET_INT"
    Warning (15610): No output dependent on input pin "AUD_ADCDAT"
    Warning (15610): No output dependent on input pin "TD_DATA[0]"
    Warning (15610): No output dependent on input pin "TD_DATA[1]"
    Warning (15610): No output dependent on input pin "TD_DATA[2]"
    Warning (15610): No output dependent on input pin "TD_DATA[3]"
    Warning (15610): No output dependent on input pin "TD_DATA[4]"
    Warning (15610): No output dependent on input pin "TD_DATA[5]"
    Warning (15610): No output dependent on input pin "TD_DATA[6]"
    Warning (15610): No output dependent on input pin "TD_DATA[7]"
    Warning (15610): No output dependent on input pin "TD_HS"
    Warning (15610): No output dependent on input pin "TD_VS"
Info: Implemented 1302 device resources after synthesis - the final resource count might be different
    Info: Implemented 48 input pins
    Info: Implemented 218 output pins
    Info: Implemented 159 bidirectional pins
    Info: Implemented 800 logic cells
    Info: Implemented 76 RAM segments
    Info: Implemented 1 PLLs
Info: Quartus II 64-Bit Partition Merge was successful. 0 errors, 27 warnings
    Info: Peak virtual memory: 353 megabytes
    Info: Processing ended: Thu Feb 05 14:05:11 2015
    Info: Elapsed time: 00:00:02
    Info: Total CPU time (on all processors): 00:00:01


