Flow report for lander
Wed Feb 25 02:06:43 2015
Quartus II 64-Bit Version 11.0 Build 157 04/27/2011 SJ Full Version


---------------------
; Table of Contents ;
---------------------
  1. Legal Notice
  2. Flow Summary
  3. Flow Settings
  4. Flow Non-Default Global Settings
  5. Flow Elapsed Time
  6. Flow OS Summary
  7. Flow Log



----------------
; Legal Notice ;
----------------
Copyright (C) 1991-2011 Altera Corporation
Your use of Altera Corporation's design tools, logic functions 
and other software and tools, and its AMPP partner logic 
functions, and any output files from any of the foregoing 
(including device programming or simulation files), and any 
associated documentation or information are expressly subject 
to the terms and conditions of the Altera Program License 
Subscription Agreement, Altera MegaCore Function License 
Agreement, or other applicable license agreement, including, 
without limitation, that your use is for the sole purpose of 
programming logic devices manufactured by Altera and sold by 
Altera or its authorized distributors.  Please refer to the 
applicable agreement for further details.



+--------------------------------------------------------------------------------+
; Flow Summary                                                                   ;
+------------------------------------+-------------------------------------------+
; Flow Status                        ; Successful - Wed Feb 25 02:06:43 2015     ;
; Quartus II 64-Bit Version          ; 11.0 Build 157 04/27/2011 SJ Full Version ;
; Revision Name                      ; lander                                    ;
; Top-level Entity Name              ; lander                                    ;
; Family                             ; Cyclone IV E                              ;
; Device                             ; EP4CE115F29C7                             ;
; Timing Models                      ; Final                                     ;
; Total logic elements               ; 313 / 114,480 ( < 1 % )                   ;
;     Total combinational functions  ; 294 / 114,480 ( < 1 % )                   ;
;     Dedicated logic registers      ; 203 / 114,480 ( < 1 % )                   ;
; Total registers                    ; 203                                       ;
; Total pins                         ; 33 / 529 ( 6 % )                          ;
; Total virtual pins                 ; 0                                         ;
; Total memory bits                  ; 4,096 / 3,981,312 ( < 1 % )               ;
; Embedded Multiplier 9-bit elements ; 4 / 532 ( 1 % )                           ;
; Total PLLs                         ; 1 / 4 ( 25 % )                            ;
+------------------------------------+-------------------------------------------+


+-----------------------------------------+
; Flow Settings                           ;
+-------------------+---------------------+
; Option            ; Setting             ;
+-------------------+---------------------+
; Start date & time ; 02/25/2015 02:06:11 ;
; Main task         ; Compilation         ;
; Revision Name     ; lander              ;
+-------------------+---------------------+


+------------------------------------------------------------------------------------------------------------------+
; Flow Non-Default Global Settings                                                                                 ;
+-------------------------------------+---------------------------------+---------------+-------------+------------+
; Assignment Name                     ; Value                           ; Default Value ; Entity Name ; Section Id ;
+-------------------------------------+---------------------------------+---------------+-------------+------------+
; COMPILER_SIGNATURE_ID               ; 132683363511500.142484797100208 ; --            ; --          ; --         ;
; IP_TOOL_NAME                        ; ALTPLL                          ; --            ; --          ; --         ;
; IP_TOOL_VERSION                     ; 11.0                            ; --            ; --          ; --         ;
; MISC_FILE                           ; Audio_PLL.ppf                   ; --            ; --          ; --         ;
; PARTITION_COLOR                     ; 16764057                        ; --            ; --          ; Top        ;
; PARTITION_FITTER_PRESERVATION_LEVEL ; PLACEMENT_AND_ROUTING           ; --            ; --          ; Top        ;
; PARTITION_NETLIST_TYPE              ; SOURCE                          ; --            ; --          ; Top        ;
+-------------------------------------+---------------------------------+---------------+-------------+------------+


+-------------------------------------------------------------------------------------------------------------------------------+
; Flow Elapsed Time                                                                                                             ;
+---------------------------+--------------+-------------------------+---------------------+------------------------------------+
; Module Name               ; Elapsed Time ; Average Processors Used ; Peak Virtual Memory ; Total CPU Time (on all processors) ;
+---------------------------+--------------+-------------------------+---------------------+------------------------------------+
; Analysis & Synthesis      ; 00:00:04     ; 1.0                     ; 360 MB              ; 00:00:03                           ;
; Fitter                    ; 00:00:18     ; 2.2                     ; 688 MB              ; 00:00:27                           ;
; TimeQuest Timing Analyzer ; 00:00:05     ; 1.3                     ; 437 MB              ; 00:00:04                           ;
; Assembler                 ; 00:00:07     ; 1.0                     ; 576 MB              ; 00:00:07                           ;
; Total                     ; 00:00:34     ; --                      ; --                  ; 00:00:41                           ;
+---------------------------+--------------+-------------------------+---------------------+------------------------------------+


+----------------------------------------------------------------------------------------+
; Flow OS Summary                                                                        ;
+---------------------------+------------------+-----------+------------+----------------+
; Module Name               ; Machine Hostname ; OS Name   ; OS Version ; Processor type ;
+---------------------------+------------------+-----------+------------+----------------+
; Analysis & Synthesis      ; PH238-08         ; Windows 7 ; 6.1        ; x86_64         ;
; Fitter                    ; PH238-08         ; Windows 7 ; 6.1        ; x86_64         ;
; TimeQuest Timing Analyzer ; PH238-08         ; Windows 7 ; 6.1        ; x86_64         ;
; Assembler                 ; PH238-08         ; Windows 7 ; 6.1        ; x86_64         ;
+---------------------------+------------------+-----------+------------+----------------+


------------
; Flow Log ;
------------
quartus_map --read_settings_files=on --write_settings_files=off lander -c lander
quartus_fit --read_settings_files=off --write_settings_files=off lander -c lander
quartus_sta lander -c lander
quartus_asm --read_settings_files=off --write_settings_files=off lander -c lander



